<?xml version="1.0" encoding="UTF-8"?>
<!-- Generated by org.testng.reporters.JUnitXMLReporter -->
<testsuite ignored="0" hostname="SIHA-BLR-01" failures="0" tests="3" name="Default test" time="2.386" errors="0" timestamp="2021-09-07T18:27:45 IST">
  <testcase classname="RestAssured.API.DynamicPayload" name="addBook" time="2.09"/>
  <testcase classname="RestAssured.API.DynamicPayload" name="addBook" time="0.122"/>
  <testcase classname="RestAssured.API.DynamicPayload" name="addBook" time="0.134"/>
</testsuite> <!-- Default test -->
